0 verbose cli [
0 verbose cli   'C:\\Program Files\\nodejs\\node.exe',
0 verbose cli   'C:\\Users\\D E L L - P C\\AppData\\Roaming\\npm\\node_modules\\npm\\bin\\npm-cli.js',
0 verbose cli   'run',
0 verbose cli   'build',
0 verbose cli   '--prod'
0 verbose cli ]
1 info using npm@7.6.3
2 info using node@v14.15.1
3 timing config:load:defaults Completed in 2ms
4 timing config:load:file:C:\Users\D E L L - P C\AppData\Roaming\npm\node_modules\npm\npmrc Completed in 4ms
5 timing config:load:builtin Completed in 4ms
6 timing config:load:cli Completed in 2ms
7 timing config:load:env Completed in 1ms
8 timing config:load:file:C:\Users\D E L L - P C\Batch68\s27-32\mini_capstone_portfolio\.npmrc Completed in 0ms
9 timing config:load:project Completed in 1ms
10 timing config:load:file:C:\Users\D E L L - P C\.npmrc Completed in 1ms
11 timing config:load:user Completed in 1ms
12 timing config:load:file:C:\Users\D E L L - P C\AppData\Roaming\npm\etc\npmrc Completed in 1ms
13 timing config:load:global Completed in 1ms
14 timing config:load:cafile Completed in 0ms
15 timing config:load:validate Completed in 1ms
16 timing config:load:setUserAgent Completed in 1ms
17 timing config:load:setEnvs Completed in 1ms
18 timing config:load Completed in 15ms
19 verbose npm-session 9a5ba777eca9e534
20 timing npm:load Completed in 25ms
21 timing command:run Completed in 29ms
22 verbose stack Error: command failed
22 verbose stack     at ChildProcess.<anonymous> (C:\Users\D E L L - P C\AppData\Roaming\npm\node_modules\npm\node_modules\@npmcli\promise-spawn\index.js:64:27)
22 verbose stack     at ChildProcess.emit (events.js:315:20)
22 verbose stack     at maybeClose (internal/child_process.js:1048:16)
22 verbose stack     at Process.ChildProcess._handle.onexit (internal/child_process.js:288:5)
23 verbose pkgid myportfolio@0.1.0
24 verbose cwd C:\Users\D E L L - P C\Batch68\s27-32\mini_capstone_portfolio
25 verbose Windows_NT 10.0.18363
26 verbose argv "C:\\Program Files\\nodejs\\node.exe" "C:\\Users\\D E L L - P C\\AppData\\Roaming\\npm\\node_modules\\npm\\bin\\npm-cli.js" "run" "build" "--prod"
27 verbose node v14.15.1
28 verbose npm  v7.6.3
29 error code 1
30 error path C:\Users\D E L L - P C\Batch68\s27-32\mini_capstone_portfolio
31 error command failed
32 error command C:\Windows\system32\cmd.exe /d /s /c CI= react-scripts build
33 verbose exit 1
