0 verbose cli [
0 verbose cli   'C:\\Program Files\\nodejs\\node.exe',
0 verbose cli   'C:\\Users\\D E L L - P C\\AppData\\Roaming\\npm\\node_modules\\npm\\bin\\npm-cli.js',
0 verbose cli   'run',
0 verbose cli   'dev'
0 verbose cli ]
1 info using npm@8.1.4
2 info using node@v16.13.0
3 timing npm:load:whichnode Completed in 0ms
4 timing config:load:defaults Completed in 2ms
5 timing config:load:file:C:\Users\D E L L - P C\AppData\Roaming\npm\node_modules\npm\npmrc Completed in 2ms
6 timing config:load:builtin Completed in 3ms
7 timing config:load:cli Completed in 2ms
8 timing config:load:env Completed in 0ms
9 timing config:load:file:C:\Users\D E L L - P C\Batch68\s27-32\mini_capstone_portfolio\.npmrc Completed in 1ms
10 timing config:load:project Completed in 2ms
11 timing config:load:file:C:\Users\D E L L - P C\.npmrc Completed in 0ms
12 timing config:load:user Completed in 1ms
13 timing config:load:file:C:\Users\D E L L - P C\AppData\Roaming\npm\etc\npmrc Completed in 0ms
14 timing config:load:global Completed in 0ms
15 timing config:load:validate Completed in 2ms
16 timing config:load:credentials Completed in 1ms
17 timing config:load:setEnvs Completed in 1ms
18 timing config:load Completed in 14ms
19 timing npm:load:configload Completed in 14ms
20 timing npm:load:setTitle Completed in 0ms
21 timing npm:load:setupLog Completed in 1ms
22 timing config:load:flatten Completed in 3ms
23 timing npm:load:cleanupLog Completed in 3ms
24 timing npm:load:configScope Completed in 0ms
25 timing npm:load:projectScope Completed in 1ms
26 timing npm:load Completed in 22ms
27 timing command:run Completed in 38ms
28 verbose stack Error: Missing script: "dev"
28 verbose stack
28 verbose stack To see a list of scripts, run:
28 verbose stack   npm run
28 verbose stack     at RunScript.run (C:\Users\D E L L - P C\AppData\Roaming\npm\node_modules\npm\lib\commands\run-script.js:95:13)
28 verbose stack     at async module.exports (C:\Users\D E L L - P C\AppData\Roaming\npm\node_modules\npm\lib\cli.js:65:5)
29 verbose cwd C:\Users\D E L L - P C\Batch68\s27-32\mini_capstone_portfolio
30 verbose Windows_NT 10.0.18363
31 verbose argv "C:\\Program Files\\nodejs\\node.exe" "C:\\Users\\D E L L - P C\\AppData\\Roaming\\npm\\node_modules\\npm\\bin\\npm-cli.js" "run" "dev"
32 verbose node v16.13.0
33 verbose npm  v8.1.4
34 error Missing script: "dev"
34 error
34 error To see a list of scripts, run:
34 error   npm run
35 verbose exit 1
