0 verbose cli [
0 verbose cli   'C:\\Program Files\\nodejs\\node.exe',
0 verbose cli   'C:\\Users\\D E L L - P C\\AppData\\Roaming\\npm\\node_modules\\npm\\bin\\npm-cli.js',
0 verbose cli   'star'
0 verbose cli ]
1 info using npm@7.6.3
2 info using node@v14.15.1
3 timing config:load:defaults Completed in 2ms
4 timing config:load:file:C:\Users\D E L L - P C\AppData\Roaming\npm\node_modules\npm\npmrc Completed in 4ms
5 timing config:load:builtin Completed in 4ms
6 timing config:load:cli Completed in 2ms
7 timing config:load:env Completed in 0ms
8 timing config:load:file:C:\Users\D E L L - P C\Batch68\s27-32\mini_capstone_portfolio\.npmrc Completed in 0ms
9 timing config:load:project Completed in 1ms
10 timing config:load:file:C:\Users\D E L L - P C\.npmrc Completed in 1ms
11 timing config:load:user Completed in 1ms
12 timing config:load:file:C:\Users\D E L L - P C\AppData\Roaming\npm\etc\npmrc Completed in 1ms
13 timing config:load:global Completed in 1ms
14 timing config:load:cafile Completed in 1ms
15 timing config:load:validate Completed in 2ms
16 timing config:load:setUserAgent Completed in 0ms
17 timing config:load:setEnvs Completed in 1ms
18 timing config:load Completed in 16ms
19 verbose npm-session 9726a4d15e2380b6
20 timing npm:load Completed in 27ms
21 timing command:star Completed in 1ms
22 verbose stack Error: npm star
22 verbose stack
22 verbose stack Usage:
22 verbose stack npm star [<pkg>...]
22 verbose stack
22 verbose stack Run "npm help star" for more info
22 verbose stack     at Star.star (C:\Users\D E L L - P C\AppData\Roaming\npm\node_modules\npm\lib\star.js:25:13)
22 verbose stack     at Star.exec (C:\Users\D E L L - P C\AppData\Roaming\npm\node_modules\npm\lib\star.js:20:10)
22 verbose stack     at Object.[_runCmd] (C:\Users\D E L L - P C\AppData\Roaming\npm\node_modules\npm\lib\npm.js:112:12)
22 verbose stack     at C:\Users\D E L L - P C\AppData\Roaming\npm\node_modules\npm\lib\npm.js:28:35
22 verbose stack     at Object.<anonymous> (C:\Users\D E L L - P C\AppData\Roaming\npm\node_modules\npm\lib\cli.js:58:7)
23 verbose cwd C:\Users\D E L L - P C\Batch68\s27-32\mini_capstone_portfolio
24 verbose Windows_NT 10.0.18363
25 verbose argv "C:\\Program Files\\nodejs\\node.exe" "C:\\Users\\D E L L - P C\\AppData\\Roaming\\npm\\node_modules\\npm\\bin\\npm-cli.js" "star"
26 verbose node v14.15.1
27 verbose npm  v7.6.3
28 error npm star
28 error
28 error Usage:
28 error npm star [<pkg>...]
28 error
28 error Run "npm help star" for more info
29 verbose exit 1
