0 verbose cli [
0 verbose cli   'C:\\Program Files\\nodejs\\node.exe',
0 verbose cli   'C:\\Users\\D E L L - P C\\AppData\\Roaming\\npm\\node_modules\\npm\\bin\\npm-cli.js',
0 verbose cli   'run',
0 verbose cli   'dev'
0 verbose cli ]
1 info using npm@7.6.3
2 info using node@v14.15.1
3 timing config:load:defaults Completed in 3ms
4 timing config:load:file:C:\Users\D E L L - P C\AppData\Roaming\npm\node_modules\npm\npmrc Completed in 7ms
5 timing config:load:builtin Completed in 7ms
6 timing config:load:cli Completed in 2ms
7 timing config:load:env Completed in 0ms
8 timing config:load:file:C:\Users\D E L L - P C\Batch68\s27-32\mini_capstone_portfolio\.npmrc Completed in 1ms
9 timing config:load:project Completed in 1ms
10 timing config:load:file:C:\Users\D E L L - P C\.npmrc Completed in 1ms
11 timing config:load:user Completed in 1ms
12 timing config:load:file:C:\Users\D E L L - P C\AppData\Roaming\npm\etc\npmrc Completed in 0ms
13 timing config:load:global Completed in 0ms
14 timing config:load:cafile Completed in 1ms
15 timing config:load:validate Completed in 2ms
16 timing config:load:setUserAgent Completed in 1ms
17 timing config:load:setEnvs Completed in 1ms
18 timing config:load Completed in 20ms
19 verbose npm-session c3e922a0f0f4a77e
20 timing npm:load Completed in 33ms
21 http fetch GET 200 https://registry.npmjs.org/npm 2961ms
22 timing command:run Completed in 2ms
23 notice New major version of npm available! 7.6.3 -> 8.1.4
23 notice Changelog: <https://github.com/npm/cli/releases/tag/v8.1.4>
23 notice Run `npm install -g npm@8.1.4` to update!
24 verbose stack Error: missing script: dev
24 verbose stack     at RunScript.run (C:\Users\D E L L - P C\AppData\Roaming\npm\node_modules\npm\lib\run-script.js:72:13)
25 verbose cwd C:\Users\D E L L - P C\Batch68\s27-32\mini_capstone_portfolio
26 verbose Windows_NT 10.0.18363
27 verbose argv "C:\\Program Files\\nodejs\\node.exe" "C:\\Users\\D E L L - P C\\AppData\\Roaming\\npm\\node_modules\\npm\\bin\\npm-cli.js" "run" "dev"
28 verbose node v14.15.1
29 verbose npm  v7.6.3
30 error missing script: dev
31 verbose exit 1
